# JRE version: Java(TM) SE Runtime Environment (8.0_121-b13) (build 1.8.0_121-b13)
# Java VM: Java HotSpot(TM) 64-Bit Server VM (25.121-b13 mixed mode linux-amd64 compressed oops)
Heap:
 PSYoungGen      total 366080K, used 161479K [0x00000000d7780000, 0x00000000ff600000, 0x0000000100000000)
  eden space 221696K, 7% used [0x00000000d7780000,0x00000000d8857da8,0x00000000e5000000)
  from space 144384K, 99% used [0x00000000e5000000,0x00000000edcd9ed8,0x00000000edd00000)
  to   space 216064K, 0% used [0x00000000f2300000,0x00000000f2300000,0x00000000ff600000)
 ParOldGen       total 1143296K, used 444631K [0x0000000086600000, 0x00000000cc280000, 0x00000000d7780000)
  object space 1143296K, 38% used [0x0000000086600000,0x00000000a1835c38,0x00000000cc280000)
 Metaspace       used 76643K, capacity 77439K, committed 77912K, reserved 1116160K
  class space    used 10741K, capacity 10932K, committed 11008K, reserved 1048576K
GC Heap History (10 events):
Event: 645.931 GC heap before
{Heap before GC invocations=396 (full 15):
 PSYoungGen      total 442880K, used 374590K [0x00000000d7780000, 0x0000000100000000, 0x0000000100000000)
  eden space 221696K, 100% used [0x00000000d7780000,0x00000000e5000000,0x00000000e5000000)
  from space 221184K, 69% used [0x00000000f2800000,0x00000000fbd4faf0,0x0000000100000000)
  to   space 221184K, 0% used [0x00000000e5000000,0x00000000e5000000,0x00000000f2800000)
 ParOldGen       total 1143296K, used 443618K [0x0000000086600000, 0x00000000cc280000, 0x00000000d7780000)
  object space 1143296K, 38% used [0x0000000086600000,0x00000000a1738b70,0x00000000cc280000)
 Metaspace       used 76632K, capacity 77439K, committed 77912K, reserved 1116160K
  class space    used 10740K, capacity 10932K, committed 11008K, reserved 1048576K
Event: 646.265 GC heap after
Heap after GC invocations=396 (full 15):
 PSYoungGen      total 442880K, used 148351K [0x00000000d7780000, 0x0000000100000000, 0x0000000100000000)
  eden space 221696K, 0% used [0x00000000d7780000,0x00000000d7780000,0x00000000e5000000)
  from space 221184K, 67% used [0x00000000e5000000,0x00000000ee0dfe70,0x00000000f2800000)
  to   space 221184K, 0% used [0x00000000f2800000,0x00000000f2800000,0x0000000100000000)
 ParOldGen       total 1143296K, used 443901K [0x0000000086600000, 0x00000000cc280000, 0x00000000d7780000)
  object space 1143296K, 38% used [0x0000000086600000,0x00000000a177f518,0x00000000cc280000)
 Metaspace       used 76632K, capacity 77439K, committed 77912K, reserved 1116160K
  class space    used 10740K, capacity 10932K, committed 11008K, reserved 1048576K
}
Event: 648.724 GC heap before
{Heap before GC invocations=397 (full 15):
 PSYoungGen      total 442880K, used 370047K [0x00000000d7780000, 0x0000000100000000, 0x0000000100000000)
  eden space 221696K, 100% used [0x00000000d7780000,0x00000000e5000000,0x00000000e5000000)
  from space 221184K, 67% used [0x00000000e5000000,0x00000000ee0dfe70,0x00000000f2800000)
  to   space 221184K, 0% used [0x00000000f2800000,0x00000000f2800000,0x0000000100000000)
 ParOldGen       total 1143296K, used 443901K [0x0000000086600000, 0x00000000cc280000, 0x00000000d7780000)
  object space 1143296K, 38% used [0x0000000086600000,0x00000000a177f518,0x00000000cc280000)
 Metaspace       used 76636K, capacity 77439K, committed 77912K, reserved 1116160K
  class space    used 10740K, capacity 10932K, committed 11008K, reserved 1048576K
Event: 649.116 GC heap after
Heap after GC invocations=397 (full 15):
 PSYoungGen      total 442880K, used 149542K [0x00000000d7780000, 0x0000000100000000, 0x0000000100000000)
  eden space 221696K, 0% used [0x00000000d7780000,0x00000000d7780000,0x00000000e5000000)
  from space 221184K, 67% used [0x00000000f2800000,0x00000000fba09948,0x0000000100000000)
  to   space 221184K, 0% used [0x00000000e5000000,0x00000000e5000000,0x00000000f2800000)
 ParOldGen       total 1143296K, used 444074K [0x0000000086600000, 0x00000000cc280000, 0x00000000d7780000)
  object space 1143296K, 38% used [0x0000000086600000,0x00000000a17aab68,0x00000000cc280000)
 Metaspace       used 76636K, capacity 77439K, committed 77912K, reserved 1116160K
  class space    used 10740K, capacity 10932K, committed 11008K, reserved 1048576K
}
Event: 650.760 GC heap before
{Heap before GC invocations=398 (full 15):
 PSYoungGen      total 442880K, used 371238K [0x00000000d7780000, 0x0000000100000000, 0x0000000100000000)
  eden space 221696K, 100% used [0x00000000d7780000,0x00000000e5000000,0x00000000e5000000)
  from space 221184K, 67% used [0x00000000f2800000,0x00000000fba09948,0x0000000100000000)
  to   space 221184K, 0% used [0x00000000e5000000,0x00000000e5000000,0x00000000f2800000)
 ParOldGen       total 1143296K, used 444074K [0x0000000086600000, 0x00000000cc280000, 0x00000000d7780000)
  object space 1143296K, 38% used [0x0000000086600000,0x00000000a17aab68,0x00000000cc280000)
 Metaspace       used 76642K, capacity 77439K, committed 77912K, reserved 1116160K
  class space    used 10740K, capacity 10932K, committed 11008K, reserved 1048576K
Event: 650.987 GC heap after
Heap after GC invocations=398 (full 15):
 PSYoungGen      total 442880K, used 150507K [0x00000000d7780000, 0x0000000100000000, 0x0000000100000000)
  eden space 221696K, 0% used [0x00000000d7780000,0x00000000d7780000,0x00000000e5000000)
  from space 221184K, 68% used [0x00000000e5000000,0x00000000ee2faea0,0x00000000f2800000)
  to   space 221184K, 0% used [0x00000000f2800000,0x00000000f2800000,0x0000000100000000)
 ParOldGen       total 1143296K, used 444249K [0x0000000086600000, 0x00000000cc280000, 0x00000000d7780000)
  object space 1143296K, 38% used [0x0000000086600000,0x00000000a17d6620,0x00000000cc280000)
 Metaspace       used 76642K, capacity 77439K, committed 77912K, reserved 1116160K
  class space    used 10740K, capacity 10932K, committed 11008K, reserved 1048576K
}
Event: 653.021 GC heap before
{Heap before GC invocations=399 (full 15):
 PSYoungGen      total 442880K, used 372203K [0x00000000d7780000, 0x0000000100000000, 0x0000000100000000)
  eden space 221696K, 100% used [0x00000000d7780000,0x00000000e5000000,0x00000000e5000000)
  from space 221184K, 68% used [0x00000000e5000000,0x00000000ee2faea0,0x00000000f2800000)
  to   space 221184K, 0% used [0x00000000f2800000,0x00000000f2800000,0x0000000100000000)
 ParOldGen       total 1143296K, used 444249K [0x0000000086600000, 0x00000000cc280000, 0x00000000d7780000)
  object space 1143296K, 38% used [0x0000000086600000,0x00000000a17d6620,0x00000000cc280000)
 Metaspace       used 76642K, capacity 77439K, committed 77912K, reserved 1116160K
  class space    used 10740K, capacity 10932K, committed 11008K, reserved 1048576K
Event: 653.308 GC heap after
Heap after GC invocations=399 (full 15):
 PSYoungGen      total 442880K, used 146711K [0x00000000d7780000, 0x0000000100000000, 0x0000000100000000)
  eden space 221696K, 0% used [0x00000000d7780000,0x00000000d7780000,0x00000000e5000000)
  from space 221184K, 66% used [0x00000000f2800000,0x00000000fb745e78,0x0000000100000000)
  to   space 221184K, 0% used [0x00000000e5000000,0x00000000e5000000,0x00000000f2800000)
 ParOldGen       total 1143296K, used 444440K [0x0000000086600000, 0x00000000cc280000, 0x00000000d7780000)
  object space 1143296K, 38% used [0x0000000086600000,0x00000000a18061c8,0x00000000cc280000)
 Metaspace       used 76642K, capacity 77439K, committed 77912K, reserved 1116160K
  class space    used 10740K, capacity 10932K, committed 11008K, reserved 1048576K
}
Event: 655.672 GC heap before
{Heap before GC invocations=400 (full 15):
 PSYoungGen      total 442880K, used 368407K [0x00000000d7780000, 0x0000000100000000, 0x0000000100000000)
  eden space 221696K, 100% used [0x00000000d7780000,0x00000000e5000000,0x00000000e5000000)
  from space 221184K, 66% used [0x00000000f2800000,0x00000000fb745e78,0x0000000100000000)
  to   space 221184K, 0% used [0x00000000e5000000,0x00000000e5000000,0x00000000f2800000)
 ParOldGen       total 1143296K, used 444440K [0x0000000086600000, 0x00000000cc280000, 0x00000000d7780000)
  object space 1143296K, 38% used [0x0000000086600000,0x00000000a18061c8,0x00000000cc280000)
 Metaspace       used 76643K, capacity 77439K, committed 77912K, reserved 1116160K
  class space    used 10741K, capacity 10932K, committed 11008K, reserved 1048576K
Event: 655.989 GC heap after
Heap after GC invocations=400 (full 15):
 PSYoungGen      total 366080K, used 144231K [0x00000000d7780000, 0x00000000ff600000, 0x0000000100000000)
  eden space 221696K, 0% used [0x00000000d7780000,0x00000000d7780000,0x00000000e5000000)
  from space 144384K, 99% used [0x00000000e5000000,0x00000000edcd9ed8,0x00000000edd00000)
  to   space 216064K, 0% used [0x00000000f2300000,0x00000000f2300000,0x00000000ff600000)
 ParOldGen       total 1143296K, used 444631K [0x0000000086600000, 0x00000000cc280000, 0x00000000d7780000)
  object space 1143296K, 38% used [0x0000000086600000,0x00000000a1835c38,0x00000000cc280000)
 Metaspace       used 76643K, capacity 77439K, committed 77912K, reserved 1116160K
  class space    used 10741K, capacity 10932K, committed 11008K, reserved 1048576K
}

